#! /usr/local/Cellar/icarus-verilog/10.2_1/bin/vvp
:ivl_version "10.2 (stable)" "(v10_2)";
:ivl_delay_selection "TYPICAL";
:vpi_time_precision + 0;
:vpi_module "system";
:vpi_module "vhdl_sys";
:vpi_module "v2005_math";
:vpi_module "va_math";
S_0x7fb91661a8f0 .scope module, "test" "test" 2 79;
 .timescale 0 0;
v0x7fb91662c8e0_0 .var "C", 0 0;
v0x7fb91662c970_0 .net "Q", 3 0, L_0x7fb91662eb00;  1 drivers
S_0x7fb91660b080 .scope module, "cont" "contador" 2 82, 2 31 0, S_0x7fb91661a8f0;
 .timescale 0 0;
    .port_info 0 /OUTPUT 4 "Q"
    .port_info 1 /INPUT 1 "C"
L_0x7fb91662ca00 .functor AND 1, L_0x7fb91662caf0, L_0x7fb91662cc10, C4<1>, C4<1>;
L_0x7fb91662ccf0 .functor AND 1, L_0x7fb91662cd80, L_0x7fb91662cee0, C4<1>, C4<1>;
L_0x7fb91662cf80 .functor OR 1, L_0x7fb91662ca00, L_0x7fb91662ccf0, C4<0>, C4<0>;
L_0x7fb91662d0b0 .functor OR 1, L_0x7fb91662ca00, L_0x7fb91662ccf0, C4<0>, C4<0>;
L_0x7fb91662d160 .functor AND 1, L_0x7fb91662d240, L_0x7fb91662d350, C4<1>, C4<1>;
L_0x7fb91662d430 .functor AND 1, L_0x7fb91662d4a0, L_0x7fb91662d5c0, C4<1>, C4<1>;
L_0x7fb91662d7a0 .functor OR 1, L_0x7fb91662d160, L_0x7fb91662d430, C4<0>, C4<0>;
L_0x7fb91662d890 .functor AND 1, L_0x7fb91662d900, L_0x7fb91662da30, C4<1>, C4<1>;
L_0x7fb91662db10 .functor OR 1, L_0x7fb91662d430, L_0x7fb91662d890, C4<0>, C4<0>;
L_0x7fb91662dc50 .functor AND 1, L_0x7fb91662dcc0, L_0x7fb91662ddc0, C4<1>, C4<1>;
L_0x7fb91662dee0 .functor AND 1, L_0x7fb91662dfb0, L_0x7fb91662e0c0, C4<1>, C4<1>;
L_0x7fb91662e160 .functor OR 1, L_0x7fb91662dc50, L_0x7fb91662dee0, C4<0>, C4<0>;
L_0x7fb91662e250 .functor AND 1, L_0x7fb91662e330, L_0x7fb91662e490, C4<1>, C4<1>;
L_0x7fb91662e050 .functor OR 1, L_0x7fb91662e250, L_0x7fb91662d160, C4<0>, C4<0>;
L_0x7fb91662e5b0 .functor OR 1, L_0x7fb91662e6e0, L_0x7fb91662e850, C4<0>, C4<0>;
v0x7fb91662aee0_0 .net "C", 0 0, v0x7fb91662c8e0_0;  1 drivers
v0x7fb91662aff0_0 .net "Q", 3 0, L_0x7fb91662eb00;  alias, 1 drivers
v0x7fb91662b080_0 .net *"_s1", 0 0, L_0x7fb91662caf0;  1 drivers
v0x7fb91662b110_0 .net *"_s11", 0 0, L_0x7fb91662d350;  1 drivers
v0x7fb91662b1a0_0 .net *"_s13", 0 0, L_0x7fb91662d4a0;  1 drivers
v0x7fb91662b280_0 .net *"_s15", 0 0, L_0x7fb91662d5c0;  1 drivers
v0x7fb91662b330_0 .net *"_s17", 0 0, L_0x7fb91662d900;  1 drivers
v0x7fb91662b3e0_0 .net *"_s19", 0 0, L_0x7fb91662da30;  1 drivers
v0x7fb91662b490_0 .net *"_s21", 0 0, L_0x7fb91662dcc0;  1 drivers
v0x7fb91662b5a0_0 .net *"_s23", 0 0, L_0x7fb91662ddc0;  1 drivers
v0x7fb91662b650_0 .net *"_s25", 0 0, L_0x7fb91662dfb0;  1 drivers
v0x7fb91662b700_0 .net *"_s27", 0 0, L_0x7fb91662e0c0;  1 drivers
v0x7fb91662b7b0_0 .net *"_s29", 0 0, L_0x7fb91662e330;  1 drivers
v0x7fb91662b860_0 .net *"_s3", 0 0, L_0x7fb91662cc10;  1 drivers
v0x7fb91662b910_0 .net *"_s31", 0 0, L_0x7fb91662e490;  1 drivers
v0x7fb91662b9c0_0 .net *"_s33", 0 0, L_0x7fb91662e6e0;  1 drivers
v0x7fb91662ba70_0 .net *"_s35", 0 0, L_0x7fb91662e850;  1 drivers
v0x7fb91662bc00_0 .net *"_s5", 0 0, L_0x7fb91662cd80;  1 drivers
v0x7fb91662bc90_0 .net *"_s7", 0 0, L_0x7fb91662cee0;  1 drivers
v0x7fb91662bd40_0 .net *"_s9", 0 0, L_0x7fb91662d240;  1 drivers
v0x7fb91662bdf0_0 .net "nQ", 3 0, L_0x7fb91662ed70;  1 drivers
v0x7fb91662bea0_0 .net "wJ0", 0 0, L_0x7fb91662e050;  1 drivers
v0x7fb91662bf50_0 .net "wJ1", 0 0, L_0x7fb91662db10;  1 drivers
v0x7fb91662bfe0_0 .net "wJ3", 0 0, L_0x7fb91662cf80;  1 drivers
v0x7fb91662c070_0 .net "wK0", 0 0, L_0x7fb91662e5b0;  1 drivers
v0x7fb91662c100_0 .net "wK1", 0 0, L_0x7fb91662e160;  1 drivers
v0x7fb91662c190_0 .net "wK2", 0 0, L_0x7fb91662d7a0;  1 drivers
v0x7fb91662c240_0 .net "wK3", 0 0, L_0x7fb91662d0b0;  1 drivers
v0x7fb91662c2f0_0 .net "wn0n3", 0 0, L_0x7fb91662dc50;  1 drivers
v0x7fb91662c380_0 .net "wn0q3", 0 0, L_0x7fb91662d430;  1 drivers
v0x7fb91662c410_0 .net "wn1q2", 0 0, L_0x7fb91662e250;  1 drivers
v0x7fb91662c4a0_0 .net "wn2q3", 0 0, L_0x7fb91662dee0;  1 drivers
v0x7fb91662c530_0 .net "wq0n3", 0 0, L_0x7fb91662d890;  1 drivers
v0x7fb91662bb00_0 .net "wq1q3", 0 0, L_0x7fb91662d160;  1 drivers
v0x7fb91662c7c0_0 .net "wq2q0", 0 0, L_0x7fb91662ca00;  1 drivers
v0x7fb91662c850_0 .net "wq2q1", 0 0, L_0x7fb91662ccf0;  1 drivers
L_0x7fb91662caf0 .part L_0x7fb91662eb00, 2, 1;
L_0x7fb91662cc10 .part L_0x7fb91662eb00, 0, 1;
L_0x7fb91662cd80 .part L_0x7fb91662eb00, 2, 1;
L_0x7fb91662cee0 .part L_0x7fb91662eb00, 1, 1;
L_0x7fb91662d240 .part L_0x7fb91662eb00, 1, 1;
L_0x7fb91662d350 .part L_0x7fb91662eb00, 3, 1;
L_0x7fb91662d4a0 .part L_0x7fb91662ed70, 0, 1;
L_0x7fb91662d5c0 .part L_0x7fb91662eb00, 3, 1;
L_0x7fb91662d900 .part L_0x7fb91662eb00, 0, 1;
L_0x7fb91662da30 .part L_0x7fb91662ed70, 3, 1;
L_0x7fb91662dcc0 .part L_0x7fb91662ed70, 0, 1;
L_0x7fb91662ddc0 .part L_0x7fb91662ed70, 3, 1;
L_0x7fb91662dfb0 .part L_0x7fb91662ed70, 2, 1;
L_0x7fb91662e0c0 .part L_0x7fb91662eb00, 3, 1;
L_0x7fb91662e330 .part L_0x7fb91662ed70, 1, 1;
L_0x7fb91662e490 .part L_0x7fb91662eb00, 2, 1;
L_0x7fb91662e6e0 .part L_0x7fb91662ed70, 1, 1;
L_0x7fb91662e850 .part L_0x7fb91662ed70, 3, 1;
L_0x7fb91662eb00 .concat8 [ 1 1 1 1], v0x7fb916629b40_0, v0x7fb91662a150_0, v0x7fb91662a780_0, v0x7fb91662ad80_0;
L_0x7fb91662ed70 .concat8 [ 1 1 1 1], L_0x7fb91662e2c0, L_0x7fb91662de60, L_0x7fb91662e410, L_0x7fb91662ea50;
S_0x7fb916605a60 .scope module, "jk0" "JKd" 2 71, 2 14 0, S_0x7fb91660b080;
 .timescale 0 0;
    .port_info 0 /OUTPUT 1 "Q"
    .port_info 1 /OUTPUT 1 "NQ"
    .port_info 2 /INPUT 1 "J"
    .port_info 3 /INPUT 1 "K"
    .port_info 4 /INPUT 1 "C"
L_0x7fb91662e2c0 .functor NOT 1, v0x7fb916629b40_0, C4<0>, C4<0>, C4<0>;
v0x7fb916618400_0 .net "C", 0 0, v0x7fb91662c8e0_0;  alias, 1 drivers
v0x7fb916629970_0 .net "J", 0 0, L_0x7fb91662e050;  alias, 1 drivers
v0x7fb916629a10_0 .net "K", 0 0, L_0x7fb91662e5b0;  alias, 1 drivers
v0x7fb916629aa0_0 .net "NQ", 0 0, L_0x7fb91662e2c0;  1 drivers
v0x7fb916629b40_0 .var "Q", 0 0;
E_0x7fb9166181e0 .event posedge, v0x7fb916618400_0;
S_0x7fb916629ca0 .scope module, "jk1" "JKd" 2 72, 2 14 0, S_0x7fb91660b080;
 .timescale 0 0;
    .port_info 0 /OUTPUT 1 "Q"
    .port_info 1 /OUTPUT 1 "NQ"
    .port_info 2 /INPUT 1 "J"
    .port_info 3 /INPUT 1 "K"
    .port_info 4 /INPUT 1 "C"
L_0x7fb91662de60 .functor NOT 1, v0x7fb91662a150_0, C4<0>, C4<0>, C4<0>;
v0x7fb916629ed0_0 .net "C", 0 0, v0x7fb91662c8e0_0;  alias, 1 drivers
v0x7fb916629f80_0 .net "J", 0 0, L_0x7fb91662db10;  alias, 1 drivers
v0x7fb91662a010_0 .net "K", 0 0, L_0x7fb91662e160;  alias, 1 drivers
v0x7fb91662a0c0_0 .net "NQ", 0 0, L_0x7fb91662de60;  1 drivers
v0x7fb91662a150_0 .var "Q", 0 0;
S_0x7fb91662a2b0 .scope module, "jk2" "JKd" 2 73, 2 14 0, S_0x7fb91660b080;
 .timescale 0 0;
    .port_info 0 /OUTPUT 1 "Q"
    .port_info 1 /OUTPUT 1 "NQ"
    .port_info 2 /INPUT 1 "J"
    .port_info 3 /INPUT 1 "K"
    .port_info 4 /INPUT 1 "C"
L_0x7fb91662e410 .functor NOT 1, v0x7fb91662a780_0, C4<0>, C4<0>, C4<0>;
v0x7fb91662a4e0_0 .net "C", 0 0, v0x7fb91662c8e0_0;  alias, 1 drivers
L_0x7fb916563008 .functor BUFT 1, C4<1>, C4<0>, C4<0>, C4<0>;
v0x7fb91662a5b0_0 .net "J", 0 0, L_0x7fb916563008;  1 drivers
v0x7fb91662a650_0 .net "K", 0 0, L_0x7fb91662d7a0;  alias, 1 drivers
v0x7fb91662a6e0_0 .net "NQ", 0 0, L_0x7fb91662e410;  1 drivers
v0x7fb91662a780_0 .var "Q", 0 0;
S_0x7fb91662a8e0 .scope module, "jk3" "JKd" 2 74, 2 14 0, S_0x7fb91660b080;
 .timescale 0 0;
    .port_info 0 /OUTPUT 1 "Q"
    .port_info 1 /OUTPUT 1 "NQ"
    .port_info 2 /INPUT 1 "J"
    .port_info 3 /INPUT 1 "K"
    .port_info 4 /INPUT 1 "C"
L_0x7fb91662ea50 .functor NOT 1, v0x7fb91662ad80_0, C4<0>, C4<0>, C4<0>;
v0x7fb91662ab10_0 .net "C", 0 0, v0x7fb91662c8e0_0;  alias, 1 drivers
v0x7fb91662aba0_0 .net "J", 0 0, L_0x7fb91662cf80;  alias, 1 drivers
v0x7fb91662ac30_0 .net "K", 0 0, L_0x7fb91662d0b0;  alias, 1 drivers
v0x7fb91662ace0_0 .net "NQ", 0 0, L_0x7fb91662ea50;  1 drivers
v0x7fb91662ad80_0 .var "Q", 0 0;
    .scope S_0x7fb916605a60;
T_0 ;
    %pushi/vec4 0, 0, 1;
    %store/vec4 v0x7fb916629b40_0, 0, 1;
    %end;
    .thread T_0;
    .scope S_0x7fb916605a60;
T_1 ;
    %wait E_0x7fb9166181e0;
    %load/vec4 v0x7fb916629970_0;
    %load/vec4 v0x7fb916629a10_0;
    %concat/vec4; draw_concat_vec4
    %dup/vec4;
    %pushi/vec4 2, 0, 2;
    %cmp/u;
    %jmp/1 T_1.0, 6;
    %dup/vec4;
    %pushi/vec4 1, 0, 2;
    %cmp/u;
    %jmp/1 T_1.1, 6;
    %dup/vec4;
    %pushi/vec4 3, 0, 2;
    %cmp/u;
    %jmp/1 T_1.2, 6;
    %jmp T_1.3;
T_1.0 ;
    %pushi/vec4 1, 0, 1;
    %store/vec4 v0x7fb916629b40_0, 0, 1;
    %jmp T_1.3;
T_1.1 ;
    %pushi/vec4 0, 0, 1;
    %store/vec4 v0x7fb916629b40_0, 0, 1;
    %jmp T_1.3;
T_1.2 ;
    %load/vec4 v0x7fb916629b40_0;
    %inv;
    %store/vec4 v0x7fb916629b40_0, 0, 1;
    %jmp T_1.3;
T_1.3 ;
    %pop/vec4 1;
    %jmp T_1;
    .thread T_1;
    .scope S_0x7fb916629ca0;
T_2 ;
    %pushi/vec4 0, 0, 1;
    %store/vec4 v0x7fb91662a150_0, 0, 1;
    %end;
    .thread T_2;
    .scope S_0x7fb916629ca0;
T_3 ;
    %wait E_0x7fb9166181e0;
    %load/vec4 v0x7fb916629f80_0;
    %load/vec4 v0x7fb91662a010_0;
    %concat/vec4; draw_concat_vec4
    %dup/vec4;
    %pushi/vec4 2, 0, 2;
    %cmp/u;
    %jmp/1 T_3.0, 6;
    %dup/vec4;
    %pushi/vec4 1, 0, 2;
    %cmp/u;
    %jmp/1 T_3.1, 6;
    %dup/vec4;
    %pushi/vec4 3, 0, 2;
    %cmp/u;
    %jmp/1 T_3.2, 6;
    %jmp T_3.3;
T_3.0 ;
    %pushi/vec4 1, 0, 1;
    %store/vec4 v0x7fb91662a150_0, 0, 1;
    %jmp T_3.3;
T_3.1 ;
    %pushi/vec4 0, 0, 1;
    %store/vec4 v0x7fb91662a150_0, 0, 1;
    %jmp T_3.3;
T_3.2 ;
    %load/vec4 v0x7fb91662a150_0;
    %inv;
    %store/vec4 v0x7fb91662a150_0, 0, 1;
    %jmp T_3.3;
T_3.3 ;
    %pop/vec4 1;
    %jmp T_3;
    .thread T_3;
    .scope S_0x7fb91662a2b0;
T_4 ;
    %pushi/vec4 0, 0, 1;
    %store/vec4 v0x7fb91662a780_0, 0, 1;
    %end;
    .thread T_4;
    .scope S_0x7fb91662a2b0;
T_5 ;
    %wait E_0x7fb9166181e0;
    %load/vec4 v0x7fb91662a5b0_0;
    %load/vec4 v0x7fb91662a650_0;
    %concat/vec4; draw_concat_vec4
    %dup/vec4;
    %pushi/vec4 2, 0, 2;
    %cmp/u;
    %jmp/1 T_5.0, 6;
    %dup/vec4;
    %pushi/vec4 1, 0, 2;
    %cmp/u;
    %jmp/1 T_5.1, 6;
    %dup/vec4;
    %pushi/vec4 3, 0, 2;
    %cmp/u;
    %jmp/1 T_5.2, 6;
    %jmp T_5.3;
T_5.0 ;
    %pushi/vec4 1, 0, 1;
    %store/vec4 v0x7fb91662a780_0, 0, 1;
    %jmp T_5.3;
T_5.1 ;
    %pushi/vec4 0, 0, 1;
    %store/vec4 v0x7fb91662a780_0, 0, 1;
    %jmp T_5.3;
T_5.2 ;
    %load/vec4 v0x7fb91662a780_0;
    %inv;
    %store/vec4 v0x7fb91662a780_0, 0, 1;
    %jmp T_5.3;
T_5.3 ;
    %pop/vec4 1;
    %jmp T_5;
    .thread T_5;
    .scope S_0x7fb91662a8e0;
T_6 ;
    %pushi/vec4 0, 0, 1;
    %store/vec4 v0x7fb91662ad80_0, 0, 1;
    %end;
    .thread T_6;
    .scope S_0x7fb91662a8e0;
T_7 ;
    %wait E_0x7fb9166181e0;
    %load/vec4 v0x7fb91662aba0_0;
    %load/vec4 v0x7fb91662ac30_0;
    %concat/vec4; draw_concat_vec4
    %dup/vec4;
    %pushi/vec4 2, 0, 2;
    %cmp/u;
    %jmp/1 T_7.0, 6;
    %dup/vec4;
    %pushi/vec4 1, 0, 2;
    %cmp/u;
    %jmp/1 T_7.1, 6;
    %dup/vec4;
    %pushi/vec4 3, 0, 2;
    %cmp/u;
    %jmp/1 T_7.2, 6;
    %jmp T_7.3;
T_7.0 ;
    %pushi/vec4 1, 0, 1;
    %store/vec4 v0x7fb91662ad80_0, 0, 1;
    %jmp T_7.3;
T_7.1 ;
    %pushi/vec4 0, 0, 1;
    %store/vec4 v0x7fb91662ad80_0, 0, 1;
    %jmp T_7.3;
T_7.2 ;
    %load/vec4 v0x7fb91662ad80_0;
    %inv;
    %store/vec4 v0x7fb91662ad80_0, 0, 1;
    %jmp T_7.3;
T_7.3 ;
    %pop/vec4 1;
    %jmp T_7;
    .thread T_7;
    .scope S_0x7fb91661a8f0;
T_8 ;
    %delay 5, 0;
    %load/vec4 v0x7fb91662c8e0_0;
    %inv;
    %store/vec4 v0x7fb91662c8e0_0, 0, 1;
    %jmp T_8;
    .thread T_8;
    .scope S_0x7fb91661a8f0;
T_9 ;
    %vpi_call 2 91 "$dumpfile", "Ejercicio_JK.dmp" {0 0 0};
    %vpi_call 2 92 "$dumpvars", 32'sb00000000000000000000000000000010, S_0x7fb91660b080, v0x7fb91662c970_0 {0 0 0};
    %pushi/vec4 0, 0, 1;
    %store/vec4 v0x7fb91662c8e0_0, 0, 1;
    %delay 200, 0;
    %vpi_call 2 95 "$finish" {0 0 0};
    %end;
    .thread T_9;
# The file index is used to find the file name in the following table.
:file_names 3;
    "N/A";
    "<interactive>";
    "Biestable.v";
